2025-06-11 17:37:08.234 [main] INFO  example.Service - Created new service: Service{id=1, name='Therapy', description='Counseling session', professionals=1, defaultDurationHours=1}
2025-06-11 17:38:24.918 [main] INFO  example.Service - Created new service: Service{id=1, name='Therapy', description='Counseling session', professionals=1, defaultDurationHours=1}
2025-06-11 17:38:29.627 [main] INFO  example.Service - Created new service: Service{id=1, name='Therapy', description='Counseling session', professionals=1, defaultDurationHours=1}
2025-06-11 17:39:44.422 [main] INFO  example.Service - Created new service: Service{id=1, name='Therapy', description='Counseling session', professionals=1, defaultDurationHours=1}
2025-06-11 17:40:06.162 [main] INFO  example.Service - Created new service: Service{id=1, name='Therapy', description='Counseling session', professionals=1, defaultDurationHours=1}
2025-06-11 17:42:47.740 [main] INFO  example.Service - Created new service: Service{id=1, name='Therapy', description='Counseling session', professionals=1, defaultDurationHours=1}
2025-06-11 17:43:04.741 [main] INFO  example.Service - Created new service: Service{id=1, name='Therapy', description='Counseling session', professionals=1, defaultDurationHours=1}
2025-06-11 17:43:36.166 [main] INFO  example.Service - Created new service: Service{id=1, name='Therapy', description='Counseling session', professionals=1, defaultDurationHours=1}
2025-06-11 17:43:39.412 [main] INFO  example.Service - Created new service: Service{id=1, name='Therapy', description='Counseling session', professionals=1, defaultDurationHours=1}
2025-06-11 17:44:06.822 [main] INFO  example.Service - Created new service: Service{id=1, name='Therapy', description='Counseling session', professionals=1, defaultDurationHours=1}
2025-06-11 17:44:25.501 [main] INFO  example.Service - Created new service: Service{id=1, name='Therapy', description='Counseling session', professionals=1, defaultDurationHours=1}
2025-06-12 04:11:09.745 [main] INFO  example.Service - Created new service: Service{id=1, name='Therapy', description='Counseling session', professionals=1, defaultDurationHours=1}
2025-06-12 04:11:11.519 [main] INFO  example.Service - Created new service: Service{id=1, name='Therapy', description='Counseling session', professionals=1, defaultDurationHours=1}
2025-06-12 04:11:11.528 [main] INFO  example.Service - Created new service: Service{id=1, name='Therapy', description='Counseling session', professionals=1, defaultDurationHours=1}
2025-06-12 04:11:11.528 [main] INFO  example.Service - Created new service: Service{id=1, name='Therapy', description='Counseling session', professionals=1, defaultDurationHours=1}
2025-06-12 04:11:11.534 [main] INFO  example.Service - Created new service: Service{id=1, name='Therapy', description='Counseling session', professionals=1, defaultDurationHours=1}
2025-06-12 04:11:11.562 [main] INFO  example.Service - Created new service: Service{id=1, name='Therapy', description='Counseling session', professionals=1, defaultDurationHours=1}
2025-06-12 04:11:11.564 [main] INFO  example.Service - Created new service: Service{id=1, name='Therapy', description='Counseling session', professionals=1, defaultDurationHours=1}
2025-06-12 04:11:11.570 [main] INFO  example.Service - Created new service: Service{id=1, name='Therapy', description='Counseling session', professionals=1, defaultDurationHours=1}
2025-06-12 04:11:11.572 [main] INFO  example.Service - Created new service: Service{id=1, name='Therapy', description='Counseling session', professionals=1, defaultDurationHours=1}
2025-06-12 04:11:11.576 [main] INFO  example.Service - Created new service: Service{id=1, name='Therapy', description='Counseling session', professionals=1, defaultDurationHours=1}
2025-06-12 04:11:11.583 [main] INFO  example.Service - Created new service: Service{id=1, name='Therapy', description='Counseling session', professionals=1, defaultDurationHours=1}
2025-06-12 04:11:11.585 [main] INFO  example.Service - Created new service: Service{id=1, name='Therapy', description='Counseling session', professionals=1, defaultDurationHours=1}
2025-06-12 04:11:11.590 [main] INFO  example.Service - Created new service: Service{id=1, name='Therapy', description='Counseling session', professionals=1, defaultDurationHours=1}
2025-06-12 04:11:11.590 [main] INFO  example.Service - Created new service: Service{id=1, name='Therapy', description='Counseling session', professionals=1, defaultDurationHours=1}
2025-06-12 04:11:11.594 [main] INFO  example.Service - Created new service: Service{id=1, name='Therapy', description='Counseling session', professionals=1, defaultDurationHours=1}
2025-06-12 04:11:11.594 [main] INFO  example.Service - Created new service: Service{id=1, name='Therapy', description='Counseling session', professionals=1, defaultDurationHours=1}
2025-06-12 04:11:11.601 [main] INFO  example.Service - Created new service: Service{id=1, name='Therapy', description='Counseling session', professionals=1, defaultDurationHours=1}
2025-06-12 04:11:11.603 [main] INFO  example.Service - Unregistered added professional to service
2025-06-12 04:11:11.604 [main] INFO  example.Service - Created new service: Service{id=1, name='Therapy', description='Counseling session', professionals=1, defaultDurationHours=1}
2025-06-12 04:11:11.614 [main] INFO  example.Service - Created new service: Service{id=1, name='Therapy', description='Counseling session', professionals=1, defaultDurationHours=1}
2025-06-12 04:11:11.618 [main] INFO  example.Service - Created new service: Service{id=1, name='Therapy', description='Counseling session', professionals=1, defaultDurationHours=1}
2025-06-12 04:11:11.622 [main] INFO  example.Service - Created new service: Service{id=1, name='Therapy', description='Counseling session', professionals=1, defaultDurationHours=1}
2025-06-12 04:11:11.628 [main] INFO  example.Service - Created new service: Service{id=1, name='Therapy', description='Counseling session', professionals=1, defaultDurationHours=1}
2025-06-12 04:11:11.632 [main] INFO  example.Service - Created new service: Service{id=1, name='Therapy', description='Counseling session', professionals=1, defaultDurationHours=1}
2025-06-12 04:11:11.635 [main] INFO  example.Service - Created new service: Service{id=1, name='Therapy', description='Counseling session', professionals=1, defaultDurationHours=1}
2025-06-12 04:11:11.639 [main] INFO  example.Service - Created new service: Service{id=1, name='Therapy', description='Counseling session', professionals=1, defaultDurationHours=1}
2025-06-12 04:11:11.642 [main] INFO  example.Service - Created new service: Service{id=1, name='Therapy', description='Counseling session', professionals=1, defaultDurationHours=1}
2025-06-12 04:11:11.646 [main] INFO  example.Service - Created new service: Service{id=1, name='Therapy', description='Counseling session', professionals=1, defaultDurationHours=1}
2025-06-12 04:11:11.646 [main] INFO  example.Service - Created new service: Service{id=1, name='Therapy', description='Counseling session', professionals=1, defaultDurationHours=1}
2025-06-12 04:11:11.646 [main] INFO  example.Service - Created new service: Service{id=1, name='Therapy', description='Counseling session', professionals=1, defaultDurationHours=1}
2025-06-12 04:11:11.646 [main] INFO  example.Service - Created new service: Service{id=1, name='Therapy', description='Counseling session', professionals=1, defaultDurationHours=1}
2025-06-12 04:11:11.652 [main] INFO  example.Service - Created new service: Service{id=1, name='Therapy', description='Counseling session', professionals=1, defaultDurationHours=1}
2025-06-12 04:11:11.653 [main] INFO  example.Service - Created new service: Service{id=1, name='Therapy', description='Counseling session', professionals=1, defaultDurationHours=1}
2025-06-12 04:11:11.660 [main] INFO  example.Service - Created new service: Service{id=1, name='Therapy', description='Counseling session', professionals=1, defaultDurationHours=1}
2025-06-12 04:11:11.661 [main] INFO  example.Service - Created new service: Service{id=1, name='Therapy', description='Counseling session', professionals=1, defaultDurationHours=1}
2025-06-12 04:11:11.662 [main] INFO  example.Service - Created new service: Service{id=1, name='Therapy', description='Counseling session', professionals=1, defaultDurationHours=1}
2025-06-12 04:11:11.662 [main] INFO  example.Service - Created new service: Service{id=1, name='Therapy', description='Counseling session', professionals=1, defaultDurationHours=1}
2025-06-12 04:11:11.662 [main] INFO  example.Service - Created new service: Service{id=1, name='Therapy', description='Counseling session', professionals=1, defaultDurationHours=1}
2025-06-12 04:11:11.667 [main] ERROR example.Service - Failed to create service: Service name cannot be null or empty
2025-06-12 04:11:11.668 [main] ERROR example.Service - Failed to create service: Service name cannot be null or empty
2025-06-12 04:11:11.669 [main] ERROR example.Service - Failed to create service: Professionals array cannot contain null elements
2025-06-12 04:11:11.669 [main] INFO  example.Service - Created new service: Service{id=1, name='Therapy', description='Counseling session', professionals=1, defaultDurationHours=1}
2025-06-12 04:11:11.671 [main] INFO  example.Service - Created new service: Service{id=1, name='Therapy', description='Counseling session', professionals=1, defaultDurationHours=1}
2025-06-12 04:11:11.673 [main] ERROR example.Service - Failed to create service: Default duration must be between 1 and 12 hours
2025-06-12 04:11:11.673 [main] ERROR example.Service - Failed to create service: Default duration must be between 1 and 12 hours
2025-06-12 04:11:11.676 [main] INFO  example.Service - Created new service: Service{id=1, name='Therapy', description='Counseling session', professionals=1, defaultDurationHours=1}
2025-06-12 04:11:11.677 [main] INFO  example.Service - Created new service: Service{id=1, name='Therapy', description='Counseling session', professionals=1, defaultDurationHours=1}
